Line 102: Class JKJoystick2.JKJoystick of control JKJoystick1 was not a loaded control class.
Line 147: Class MSComctlLib.ListView of control listview1 was not a loaded control class.
Line 275: Class MediaPlayerCtl.MediaPlayer of control Player was not a loaded control class.
Line 105: The property name _ExtentX in JKJoystick1 is invalid.
Line 106: The property name _ExtentY in JKJoystick1 is invalid.
Line 153: The property name _ExtentX in listview1 is invalid.
Line 154: The property name _ExtentY in listview1 is invalid.
Line 155: The property name View in listview1 is invalid.
Line 156: The property name LabelEdit in listview1 is invalid.
Line 157: The property name LabelWrap in listview1 is invalid.
Line 158: The property name HideSelection in listview1 is invalid.
Line 159: The property name HideColumnHeaders in listview1 is invalid.
Line 160: The property name _Version in listview1 is invalid.
Line 174: The property name NumItems in listview1 is invalid.
Line 178: The property name ColumnHeader(1) in listview1 is invalid.
Line 282: The property name AudioStream in Player is invalid.
Line 284: The property name AutoStart in Player is invalid.
Line 285: The property name AnimationAtStart in Player is invalid.
Line 286: The property name AllowScan in Player is invalid.
Line 287: The property name AllowChangeDisplaySize in Player is invalid.
Line 288: The property name AutoRewind in Player is invalid.
Line 289: The property name Balance in Player is invalid.
Line 290: The property name BaseURL in Player is invalid.
Line 291: The property name BufferingTime in Player is invalid.
Line 292: The property name CaptioningID in Player is invalid.
Line 293: The property name ClickToPlay in Player is invalid.
Line 294: The property name CursorType in Player is invalid.
Line 295: The property name CurrentPosition in Player is invalid.
Line 296: The property name CurrentMarker in Player is invalid.
Line 297: The property name DefaultFrame in Player is invalid.
Line 298: The property name DisplayBackColor in Player is invalid.
Line 299: The property name DisplayForeColor in Player is invalid.
Line 300: The property name DisplayMode in Player is invalid.
Line 301: The property name DisplaySize in Player is invalid.
Line 303: The property name EnableContextMenu in Player is invalid.
Line 304: The property name EnablePositionControls in Player is invalid.
Line 305: The property name EnableFullScreenControls in Player is invalid.
Line 306: The property name EnableTracker in Player is invalid.
Line 307: The property name Filename in Player is invalid.
Line 308: The property name InvokeURLs in Player is invalid.
Line 309: The property name Language in Player is invalid.
Line 310: The property name Mute in Player is invalid.
Line 311: The property name PlayCount in Player is invalid.
Line 312: The property name PreviewMode in Player is invalid.
Line 313: The property name Rate in Player is invalid.
Line 314: The property name SAMILang in Player is invalid.
Line 315: The property name SAMIStyle in Player is invalid.
Line 316: The property name SAMIFileName in Player is invalid.
Line 317: The property name SelectionStart in Player is invalid.
Line 318: The property name SelectionEnd in Player is invalid.
Line 319: The property name SendOpenStateChangeEvents in Player is invalid.
Line 320: The property name SendWarningEvents in Player is invalid.
Line 321: The property name SendErrorEvents in Player is invalid.
Line 322: The property name SendKeyboardEvents in Player is invalid.
Line 323: The property name SendMouseClickEvents in Player is invalid.
Line 324: The property name SendMouseMoveEvents in Player is invalid.
Line 325: The property name SendPlayStateChangeEvents in Player is invalid.
Line 326: The property name ShowCaptioning in Player is invalid.
Line 327: The property name ShowControls in Player is invalid.
Line 328: The property name ShowAudioControls in Player is invalid.
Line 329: The property name ShowDisplay in Player is invalid.
Line 330: The property name ShowGotoBar in Player is invalid.
Line 331: The property name ShowPositionControls in Player is invalid.
Line 332: The property name ShowStatusBar in Player is invalid.
Line 333: The property name ShowTracker in Player is invalid.
Line 334: The property name TransparentAtStart in Player is invalid.
Line 335: The property name VideoBorderWidth in Player is invalid.
Line 336: The property name VideoBorderColor in Player is invalid.
Line 337: The property name VideoBorder3D in Player is invalid.
Line 338: The property name Volume in Player is invalid.
Line 339: The property name WindowlessVideo in Player is invalid.
